#
# A fatal error has been detected by the Java Runtime Environment:
#
#  Internal Error (relocInfo_x86.cpp:159), pid=32680, tid=38580
#  guarantee(which == Assembler::imm_operand) failed: must be immediate operand
#
# JRE version: OpenJDK Runtime Environment Corretto-21.0.5.11.1 (21.0.5+11) (build 21.0.5+11-LTS)
# Java VM: OpenJDK 64-Bit Server VM Corretto-21.0.5.11.1 (21.0.5+11-LTS, mixed mode, sharing, tiered, compressed oops, compressed class ptrs, g1 gc, windows-amd64)
# No core dump will be written. Minidumps are not enabled by default on client versions of Windows
#
# If you would like to submit a bug report, please visit:
#   https://github.com/corretto/corretto-21/issues/
#

---------------  S U M M A R Y ------------

Command Line: -javaagent:C:\Program Files\JetBrains\IntelliJ IDEA Community Edition 2023.3\lib\idea_rt.jar=55592:C:\Program Files\JetBrains\IntelliJ IDEA Community Edition 2023.3\bin -Dfile.encoding=UTF-8 -Dsun.stdout.encoding=UTF-8 -Dsun.stderr.encoding=UTF-8 org.poo.main.Main

Host: 12th Gen Intel(R) Core(TM) i5-12400F, 12 cores, 31G,  Windows 11 , 64 bit Build 26100 (10.0.26100.2454)
Time: Wed Jan 15 21:27:55 2025 GTB Standard Time elapsed time: 0.520120 seconds (0d 0h 0m 0s)

---------------  T H R E A D  ---------------

Current thread (0x000001bea5cefeb0):  JavaThread "C2 CompilerThread1" daemon [_thread_in_vm, id=38580, stack(0x0000001fb7a00000,0x0000001fb7b00000) (1024K)]


Current CompileTask:
C2:520 1731       4       com.fasterxml.jackson.core.json.UTF8JsonGenerator::writeFieldName (218 bytes)

Stack: [0x0000001fb7a00000,0x0000001fb7b00000]
Native frames: (J=compiled Java code, j=interpreted, Vv=VM code, C=native code)
V  [jvm.dll+0x6d9b69]
V  [jvm.dll+0x8b6073]
V  [jvm.dll+0x8b83ce]
V  [jvm.dll+0x8b8a67]
V  [jvm.dll+0x2861a7]
V  [jvm.dll+0x72a694]
V  [jvm.dll+0x728932]
V  [jvm.dll+0x234624]
V  [jvm.dll+0x6aea3b]
V  [jvm.dll+0x1efbb0]
V  [jvm.dll+0x6e183e]
V  [jvm.dll+0x24e9b9]
V  [jvm.dll+0x24db91]
V  [jvm.dll+0x1cc3c4]
V  [jvm.dll+0x25d249]
V  [jvm.dll+0x25b7fb]
V  [jvm.dll+0x3fab46]
V  [jvm.dll+0x85ed68]
V  [jvm.dll+0x6d836d]
C  [ucrtbase.dll+0x14ea0]
C  [KERNEL32.DLL+0x2e8d7]
C  [ntdll.dll+0xdfbcc]


---------------  P R O C E S S  ---------------

Threads class SMR info:
_java_thread_list=0x000001beee2cd910, length=14, elements={
0x000001be81b94590, 0x000001bea5cd56d0, 0x000001bea5cd6320, 0x000001bea5cdb380,
0x000001bea5cdc260, 0x000001bea5cdecc0, 0x000001bea5ce1720, 0x000001bea5ce60e0,
0x000001bea5cf0580, 0x000001bea88e11c0, 0x000001bea8a6f0f0, 0x000001bea8b31150,
0x000001bea5cefeb0, 0x000001bea5cf1320
}

Java Threads: ( => current thread )
  0x000001be81b94590 JavaThread "main"                              [_thread_blocked, id=39508, stack(0x0000001fb6700000,0x0000001fb6800000) (1024K)]
  0x000001bea5cd56d0 JavaThread "Reference Handler"          daemon [_thread_blocked, id=28608, stack(0x0000001fb6f00000,0x0000001fb7000000) (1024K)]
  0x000001bea5cd6320 JavaThread "Finalizer"                  daemon [_thread_blocked, id=10644, stack(0x0000001fb7000000,0x0000001fb7100000) (1024K)]
  0x000001bea5cdb380 JavaThread "Signal Dispatcher"          daemon [_thread_blocked, id=35320, stack(0x0000001fb7100000,0x0000001fb7200000) (1024K)]
  0x000001bea5cdc260 JavaThread "Attach Listener"            daemon [_thread_blocked, id=39576, stack(0x0000001fb7200000,0x0000001fb7300000) (1024K)]
  0x000001bea5cdecc0 JavaThread "Service Thread"             daemon [_thread_blocked, id=27852, stack(0x0000001fb7300000,0x0000001fb7400000) (1024K)]
  0x000001bea5ce1720 JavaThread "Monitor Deflation Thread"   daemon [_thread_blocked, id=40152, stack(0x0000001fb7400000,0x0000001fb7500000) (1024K)]
  0x000001bea5ce60e0 JavaThread "C2 CompilerThread0"         daemon [_thread_blocked, id=22196, stack(0x0000001fb7500000,0x0000001fb7600000) (1024K)]
  0x000001bea5cf0580 JavaThread "C1 CompilerThread0"         daemon [_thread_blocked, id=41568, stack(0x0000001fb7600000,0x0000001fb7700000) (1024K)]
  0x000001bea88e11c0 JavaThread "Common-Cleaner"             daemon [_thread_blocked, id=20628, stack(0x0000001fb7700000,0x0000001fb7800000) (1024K)]
  0x000001bea8a6f0f0 JavaThread "Monitor Ctrl-Break"         daemon [_thread_in_native, id=33012, stack(0x0000001fb7800000,0x0000001fb7900000) (1024K)]
  0x000001bea8b31150 JavaThread "Notification Thread"        daemon [_thread_blocked, id=34772, stack(0x0000001fb7900000,0x0000001fb7a00000) (1024K)]
=>0x000001bea5cefeb0 JavaThread "C2 CompilerThread1"         daemon [_thread_in_vm, id=38580, stack(0x0000001fb7a00000,0x0000001fb7b00000) (1024K)]
  0x000001bea5cf1320 JavaThread "C2 CompilerThread2"         daemon [_thread_blocked, id=38180, stack(0x0000001fb8400000,0x0000001fb8500000) (1024K)]
Total: 14

Other Threads:
  0x000001bea5cb8e50 VMThread "VM Thread"                           [id=22788, stack(0x0000001fb6e00000,0x0000001fb6f00000) (1024K)]
  0x000001bea88209d0 WatcherThread "VM Periodic Task Thread"        [id=6032, stack(0x0000001fb6d00000,0x0000001fb6e00000) (1024K)]
  0x000001be84012050 WorkerThread "GC Thread#0"                     [id=25672, stack(0x0000001fb6800000,0x0000001fb6900000) (1024K)]
  0x000001beee2dd760 WorkerThread "GC Thread#1"                     [id=39260, stack(0x0000001fb7b00000,0x0000001fb7c00000) (1024K)]
  0x000001beee39afd0 WorkerThread "GC Thread#2"                     [id=33648, stack(0x0000001fb7c00000,0x0000001fb7d00000) (1024K)]
  0x000001beee749eb0 WorkerThread "GC Thread#3"                     [id=33240, stack(0x0000001fb7d00000,0x0000001fb7e00000) (1024K)]
  0x000001beee74a250 WorkerThread "GC Thread#4"                     [id=39184, stack(0x0000001fb7e00000,0x0000001fb7f00000) (1024K)]
  0x000001beee1c89a0 WorkerThread "GC Thread#5"                     [id=41756, stack(0x0000001fb7f00000,0x0000001fb8000000) (1024K)]
  0x000001beee6458e0 WorkerThread "GC Thread#6"                     [id=29528, stack(0x0000001fb8000000,0x0000001fb8100000) (1024K)]
  0x000001beee645c80 WorkerThread "GC Thread#7"                     [id=37012, stack(0x0000001fb8100000,0x0000001fb8200000) (1024K)]
  0x000001beee645540 WorkerThread "GC Thread#8"                     [id=37556, stack(0x0000001fb8200000,0x0000001fb8300000) (1024K)]
  0x000001beee646020 WorkerThread "GC Thread#9"                     [id=41376, stack(0x0000001fb8300000,0x0000001fb8400000) (1024K)]
  0x000001bea5b42010 ConcurrentGCThread "G1 Main Marker"            [id=20716, stack(0x0000001fb6900000,0x0000001fb6a00000) (1024K)]
  0x000001bea5b432b0 WorkerThread "G1 Conc#0"                       [id=15320, stack(0x0000001fb6a00000,0x0000001fb6b00000) (1024K)]
  0x000001bea5be7550 ConcurrentGCThread "G1 Refine#0"               [id=37896, stack(0x0000001fb6b00000,0x0000001fb6c00000) (1024K)]
  0x000001bea5be80c0 ConcurrentGCThread "G1 Service"                [id=38968, stack(0x0000001fb6c00000,0x0000001fb6d00000) (1024K)]
Total: 16

Threads with active compile tasks:
C2 CompilerThread0  531 1867       4       java.util.HashMap::putVal (300 bytes)
C1 CompilerThread0  531 1908       3       com.fasterxml.jackson.databind.deser.std.BaseNodeDeserializer$ContainerStack::popOrNull (26 bytes)
C2 CompilerThread1  531 1731       4       com.fasterxml.jackson.core.json.UTF8JsonGenerator::writeFieldName (218 bytes)
C2 CompilerThread2  531 1783       4       com.fasterxml.jackson.core.json.UTF8StreamJsonParser::nextFieldName (535 bytes)
Total: 4

VM state: not at safepoint (normal execution)

VM Mutex/Monitor currently owned by a thread:  ([mutex/lock_event])
[0x00007fffa5c6aea0] MethodCompileQueue_lock - owner thread: 0x000001bea5cefeb0
[0x00007fffa5c6c3a0] Compile_lock - owner thread: 0x000001bea5cefeb0

Heap address: 0x0000000602400000, size: 8156 MB, Compressed Oops mode: Zero based, Oop shift amount: 3

CDS archive(s) mapped at: [0x000001bea9000000-0x000001bea9c80000-0x000001bea9c80000), size 13107200, SharedBaseAddress: 0x000001bea9000000, ArchiveRelocationMode: 1.
Compressed class space mapped at: 0x000001beaa000000-0x000001beea000000, reserved size: 1073741824
Narrow klass base: 0x000001bea9000000, Narrow klass shift: 0, Narrow klass range: 0x100000000

GC Precious Log:
 CardTable entry size: 512
 Card Set container configuration: InlinePtr #cards 4 size 8 Array Of Cards #cards 32 size 80 Howl #buckets 8 coarsen threshold 7372 Howl Bitmap #cards 1024 size 144 coarsen threshold 921 Card regions per heap region 1 cards per card region 8192
 CPUs: 12 total, 12 available
 Memory: 32609M
 Large Page Support: Disabled
 NUMA Support: Disabled
 Compressed Oops: Enabled (Zero based)
 Heap Region Size: 4M
 Heap Min Capacity: 8M
 Heap Initial Capacity: 512M
 Heap Max Capacity: 8156M
 Pre-touch: Disabled
 Parallel Workers: 10
 Concurrent Workers: 3
 Concurrent Refinement Workers: 10
 Periodic GC: Disabled

Heap:
 garbage-first heap   total 524288K, used 11425K [0x0000000602400000, 0x0000000800000000)
  region size 4096K, 4 young (16384K), 1 survivors (4096K)
 Metaspace       used 7864K, committed 8064K, reserved 1114112K
  class space    used 760K, committed 832K, reserved 1048576K

Heap Regions: E=young(eden), S=young(survivor), O=old, HS=humongous(starts), HC=humongous(continues), CS=collection set, F=free, TAMS=top-at-mark-start, PB=parsable bottom
|   0|0x0000000602400000, 0x0000000602400000, 0x0000000602800000|  0%| F|  |TAMS 0x0000000602400000| PB 0x0000000602400000| Untracked 
|   1|0x0000000602800000, 0x0000000602800000, 0x0000000602c00000|  0%| F|  |TAMS 0x0000000602800000| PB 0x0000000602800000| Untracked 
|   2|0x0000000602c00000, 0x0000000602c00000, 0x0000000603000000|  0%| F|  |TAMS 0x0000000602c00000| PB 0x0000000602c00000| Untracked 
|   3|0x0000000603000000, 0x0000000603000000, 0x0000000603400000|  0%| F|  |TAMS 0x0000000603000000| PB 0x0000000603000000| Untracked 
|   4|0x0000000603400000, 0x0000000603400000, 0x0000000603800000|  0%| F|  |TAMS 0x0000000603400000| PB 0x0000000603400000| Untracked 
|   5|0x0000000603800000, 0x0000000603800000, 0x0000000603c00000|  0%| F|  |TAMS 0x0000000603800000| PB 0x0000000603800000| Untracked 
|   6|0x0000000603c00000, 0x0000000603c00000, 0x0000000604000000|  0%| F|  |TAMS 0x0000000603c00000| PB 0x0000000603c00000| Untracked 
|   7|0x0000000604000000, 0x0000000604000000, 0x0000000604400000|  0%| F|  |TAMS 0x0000000604000000| PB 0x0000000604000000| Untracked 
|   8|0x0000000604400000, 0x0000000604400000, 0x0000000604800000|  0%| F|  |TAMS 0x0000000604400000| PB 0x0000000604400000| Untracked 
|   9|0x0000000604800000, 0x0000000604800000, 0x0000000604c00000|  0%| F|  |TAMS 0x0000000604800000| PB 0x0000000604800000| Untracked 
|  10|0x0000000604c00000, 0x0000000604c00000, 0x0000000605000000|  0%| F|  |TAMS 0x0000000604c00000| PB 0x0000000604c00000| Untracked 
|  11|0x0000000605000000, 0x0000000605000000, 0x0000000605400000|  0%| F|  |TAMS 0x0000000605000000| PB 0x0000000605000000| Untracked 
|  12|0x0000000605400000, 0x0000000605400000, 0x0000000605800000|  0%| F|  |TAMS 0x0000000605400000| PB 0x0000000605400000| Untracked 
|  13|0x0000000605800000, 0x0000000605800000, 0x0000000605c00000|  0%| F|  |TAMS 0x0000000605800000| PB 0x0000000605800000| Untracked 
|  14|0x0000000605c00000, 0x0000000605c00000, 0x0000000606000000|  0%| F|  |TAMS 0x0000000605c00000| PB 0x0000000605c00000| Untracked 
|  15|0x0000000606000000, 0x0000000606000000, 0x0000000606400000|  0%| F|  |TAMS 0x0000000606000000| PB 0x0000000606000000| Untracked 
|  16|0x0000000606400000, 0x0000000606400000, 0x0000000606800000|  0%| F|  |TAMS 0x0000000606400000| PB 0x0000000606400000| Untracked 
|  17|0x0000000606800000, 0x0000000606800000, 0x0000000606c00000|  0%| F|  |TAMS 0x0000000606800000| PB 0x0000000606800000| Untracked 
|  18|0x0000000606c00000, 0x0000000606c00000, 0x0000000607000000|  0%| F|  |TAMS 0x0000000606c00000| PB 0x0000000606c00000| Untracked 
|  19|0x0000000607000000, 0x0000000607000000, 0x0000000607400000|  0%| F|  |TAMS 0x0000000607000000| PB 0x0000000607000000| Untracked 
|  20|0x0000000607400000, 0x0000000607400000, 0x0000000607800000|  0%| F|  |TAMS 0x0000000607400000| PB 0x0000000607400000| Untracked 
|  21|0x0000000607800000, 0x0000000607800000, 0x0000000607c00000|  0%| F|  |TAMS 0x0000000607800000| PB 0x0000000607800000| Untracked 
|  22|0x0000000607c00000, 0x0000000607c00000, 0x0000000608000000|  0%| F|  |TAMS 0x0000000607c00000| PB 0x0000000607c00000| Untracked 
|  23|0x0000000608000000, 0x0000000608000000, 0x0000000608400000|  0%| F|  |TAMS 0x0000000608000000| PB 0x0000000608000000| Untracked 
|  24|0x0000000608400000, 0x0000000608400000, 0x0000000608800000|  0%| F|  |TAMS 0x0000000608400000| PB 0x0000000608400000| Untracked 
|  25|0x0000000608800000, 0x0000000608800000, 0x0000000608c00000|  0%| F|  |TAMS 0x0000000608800000| PB 0x0000000608800000| Untracked 
|  26|0x0000000608c00000, 0x0000000608c00000, 0x0000000609000000|  0%| F|  |TAMS 0x0000000608c00000| PB 0x0000000608c00000| Untracked 
|  27|0x0000000609000000, 0x0000000609000000, 0x0000000609400000|  0%| F|  |TAMS 0x0000000609000000| PB 0x0000000609000000| Untracked 
|  28|0x0000000609400000, 0x0000000609400000, 0x0000000609800000|  0%| F|  |TAMS 0x0000000609400000| PB 0x0000000609400000| Untracked 
|  29|0x0000000609800000, 0x0000000609800000, 0x0000000609c00000|  0%| F|  |TAMS 0x0000000609800000| PB 0x0000000609800000| Untracked 
|  30|0x0000000609c00000, 0x0000000609c00000, 0x000000060a000000|  0%| F|  |TAMS 0x0000000609c00000| PB 0x0000000609c00000| Untracked 
|  31|0x000000060a000000, 0x000000060a000000, 0x000000060a400000|  0%| F|  |TAMS 0x000000060a000000| PB 0x000000060a000000| Untracked 
|  32|0x000000060a400000, 0x000000060a400000, 0x000000060a800000|  0%| F|  |TAMS 0x000000060a400000| PB 0x000000060a400000| Untracked 
|  33|0x000000060a800000, 0x000000060a800000, 0x000000060ac00000|  0%| F|  |TAMS 0x000000060a800000| PB 0x000000060a800000| Untracked 
|  34|0x000000060ac00000, 0x000000060ac00000, 0x000000060b000000|  0%| F|  |TAMS 0x000000060ac00000| PB 0x000000060ac00000| Untracked 
|  35|0x000000060b000000, 0x000000060b000000, 0x000000060b400000|  0%| F|  |TAMS 0x000000060b000000| PB 0x000000060b000000| Untracked 
|  36|0x000000060b400000, 0x000000060b400000, 0x000000060b800000|  0%| F|  |TAMS 0x000000060b400000| PB 0x000000060b400000| Untracked 
|  37|0x000000060b800000, 0x000000060b800000, 0x000000060bc00000|  0%| F|  |TAMS 0x000000060b800000| PB 0x000000060b800000| Untracked 
|  38|0x000000060bc00000, 0x000000060bc00000, 0x000000060c000000|  0%| F|  |TAMS 0x000000060bc00000| PB 0x000000060bc00000| Untracked 
|  39|0x000000060c000000, 0x000000060c000000, 0x000000060c400000|  0%| F|  |TAMS 0x000000060c000000| PB 0x000000060c000000| Untracked 
|  40|0x000000060c400000, 0x000000060c400000, 0x000000060c800000|  0%| F|  |TAMS 0x000000060c400000| PB 0x000000060c400000| Untracked 
|  41|0x000000060c800000, 0x000000060c800000, 0x000000060cc00000|  0%| F|  |TAMS 0x000000060c800000| PB 0x000000060c800000| Untracked 
|  42|0x000000060cc00000, 0x000000060cc00000, 0x000000060d000000|  0%| F|  |TAMS 0x000000060cc00000| PB 0x000000060cc00000| Untracked 
|  43|0x000000060d000000, 0x000000060d000000, 0x000000060d400000|  0%| F|  |TAMS 0x000000060d000000| PB 0x000000060d000000| Untracked 
|  44|0x000000060d400000, 0x000000060d400000, 0x000000060d800000|  0%| F|  |TAMS 0x000000060d400000| PB 0x000000060d400000| Untracked 
|  45|0x000000060d800000, 0x000000060d800000, 0x000000060dc00000|  0%| F|  |TAMS 0x000000060d800000| PB 0x000000060d800000| Untracked 
|  46|0x000000060dc00000, 0x000000060dc00000, 0x000000060e000000|  0%| F|  |TAMS 0x000000060dc00000| PB 0x000000060dc00000| Untracked 
|  47|0x000000060e000000, 0x000000060e000000, 0x000000060e400000|  0%| F|  |TAMS 0x000000060e000000| PB 0x000000060e000000| Untracked 
|  48|0x000000060e400000, 0x000000060e400000, 0x000000060e800000|  0%| F|  |TAMS 0x000000060e400000| PB 0x000000060e400000| Untracked 
|  49|0x000000060e800000, 0x000000060e800000, 0x000000060ec00000|  0%| F|  |TAMS 0x000000060e800000| PB 0x000000060e800000| Untracked 
|  50|0x000000060ec00000, 0x000000060ec00000, 0x000000060f000000|  0%| F|  |TAMS 0x000000060ec00000| PB 0x000000060ec00000| Untracked 
|  51|0x000000060f000000, 0x000000060f000000, 0x000000060f400000|  0%| F|  |TAMS 0x000000060f000000| PB 0x000000060f000000| Untracked 
|  52|0x000000060f400000, 0x000000060f400000, 0x000000060f800000|  0%| F|  |TAMS 0x000000060f400000| PB 0x000000060f400000| Untracked 
|  53|0x000000060f800000, 0x000000060f800000, 0x000000060fc00000|  0%| F|  |TAMS 0x000000060f800000| PB 0x000000060f800000| Untracked 
|  54|0x000000060fc00000, 0x000000060fc00000, 0x0000000610000000|  0%| F|  |TAMS 0x000000060fc00000| PB 0x000000060fc00000| Untracked 
|  55|0x0000000610000000, 0x0000000610000000, 0x0000000610400000|  0%| F|  |TAMS 0x0000000610000000| PB 0x0000000610000000| Untracked 
|  56|0x0000000610400000, 0x0000000610400000, 0x0000000610800000|  0%| F|  |TAMS 0x0000000610400000| PB 0x0000000610400000| Untracked 
|  57|0x0000000610800000, 0x0000000610800000, 0x0000000610c00000|  0%| F|  |TAMS 0x0000000610800000| PB 0x0000000610800000| Untracked 
|  58|0x0000000610c00000, 0x0000000610c00000, 0x0000000611000000|  0%| F|  |TAMS 0x0000000610c00000| PB 0x0000000610c00000| Untracked 
|  59|0x0000000611000000, 0x0000000611000000, 0x0000000611400000|  0%| F|  |TAMS 0x0000000611000000| PB 0x0000000611000000| Untracked 
|  60|0x0000000611400000, 0x0000000611400000, 0x0000000611800000|  0%| F|  |TAMS 0x0000000611400000| PB 0x0000000611400000| Untracked 
|  61|0x0000000611800000, 0x0000000611800000, 0x0000000611c00000|  0%| F|  |TAMS 0x0000000611800000| PB 0x0000000611800000| Untracked 
|  62|0x0000000611c00000, 0x0000000611c00000, 0x0000000612000000|  0%| F|  |TAMS 0x0000000611c00000| PB 0x0000000611c00000| Untracked 
|  63|0x0000000612000000, 0x0000000612000000, 0x0000000612400000|  0%| F|  |TAMS 0x0000000612000000| PB 0x0000000612000000| Untracked 
|  64|0x0000000612400000, 0x0000000612400000, 0x0000000612800000|  0%| F|  |TAMS 0x0000000612400000| PB 0x0000000612400000| Untracked 
|  65|0x0000000612800000, 0x0000000612800000, 0x0000000612c00000|  0%| F|  |TAMS 0x0000000612800000| PB 0x0000000612800000| Untracked 
|  66|0x0000000612c00000, 0x0000000612c00000, 0x0000000613000000|  0%| F|  |TAMS 0x0000000612c00000| PB 0x0000000612c00000| Untracked 
|  67|0x0000000613000000, 0x0000000613000000, 0x0000000613400000|  0%| F|  |TAMS 0x0000000613000000| PB 0x0000000613000000| Untracked 
|  68|0x0000000613400000, 0x0000000613400000, 0x0000000613800000|  0%| F|  |TAMS 0x0000000613400000| PB 0x0000000613400000| Untracked 
|  69|0x0000000613800000, 0x0000000613800000, 0x0000000613c00000|  0%| F|  |TAMS 0x0000000613800000| PB 0x0000000613800000| Untracked 
|  70|0x0000000613c00000, 0x0000000613c00000, 0x0000000614000000|  0%| F|  |TAMS 0x0000000613c00000| PB 0x0000000613c00000| Untracked 
|  71|0x0000000614000000, 0x0000000614000000, 0x0000000614400000|  0%| F|  |TAMS 0x0000000614000000| PB 0x0000000614000000| Untracked 
|  72|0x0000000614400000, 0x0000000614400000, 0x0000000614800000|  0%| F|  |TAMS 0x0000000614400000| PB 0x0000000614400000| Untracked 
|  73|0x0000000614800000, 0x0000000614800000, 0x0000000614c00000|  0%| F|  |TAMS 0x0000000614800000| PB 0x0000000614800000| Untracked 
|  74|0x0000000614c00000, 0x0000000614c00000, 0x0000000615000000|  0%| F|  |TAMS 0x0000000614c00000| PB 0x0000000614c00000| Untracked 
|  75|0x0000000615000000, 0x0000000615000000, 0x0000000615400000|  0%| F|  |TAMS 0x0000000615000000| PB 0x0000000615000000| Untracked 
|  76|0x0000000615400000, 0x0000000615400000, 0x0000000615800000|  0%| F|  |TAMS 0x0000000615400000| PB 0x0000000615400000| Untracked 
|  77|0x0000000615800000, 0x0000000615800000, 0x0000000615c00000|  0%| F|  |TAMS 0x0000000615800000| PB 0x0000000615800000| Untracked 
|  78|0x0000000615c00000, 0x0000000615c00000, 0x0000000616000000|  0%| F|  |TAMS 0x0000000615c00000| PB 0x0000000615c00000| Untracked 
|  79|0x0000000616000000, 0x0000000616000000, 0x0000000616400000|  0%| F|  |TAMS 0x0000000616000000| PB 0x0000000616000000| Untracked 
|  80|0x0000000616400000, 0x0000000616400000, 0x0000000616800000|  0%| F|  |TAMS 0x0000000616400000| PB 0x0000000616400000| Untracked 
|  81|0x0000000616800000, 0x0000000616800000, 0x0000000616c00000|  0%| F|  |TAMS 0x0000000616800000| PB 0x0000000616800000| Untracked 
|  82|0x0000000616c00000, 0x0000000616c00000, 0x0000000617000000|  0%| F|  |TAMS 0x0000000616c00000| PB 0x0000000616c00000| Untracked 
|  83|0x0000000617000000, 0x0000000617000000, 0x0000000617400000|  0%| F|  |TAMS 0x0000000617000000| PB 0x0000000617000000| Untracked 
|  84|0x0000000617400000, 0x0000000617400000, 0x0000000617800000|  0%| F|  |TAMS 0x0000000617400000| PB 0x0000000617400000| Untracked 
|  85|0x0000000617800000, 0x0000000617800000, 0x0000000617c00000|  0%| F|  |TAMS 0x0000000617800000| PB 0x0000000617800000| Untracked 
|  86|0x0000000617c00000, 0x0000000617c00000, 0x0000000618000000|  0%| F|  |TAMS 0x0000000617c00000| PB 0x0000000617c00000| Untracked 
|  87|0x0000000618000000, 0x0000000618000000, 0x0000000618400000|  0%| F|  |TAMS 0x0000000618000000| PB 0x0000000618000000| Untracked 
|  88|0x0000000618400000, 0x0000000618400000, 0x0000000618800000|  0%| F|  |TAMS 0x0000000618400000| PB 0x0000000618400000| Untracked 
|  89|0x0000000618800000, 0x0000000618800000, 0x0000000618c00000|  0%| F|  |TAMS 0x0000000618800000| PB 0x0000000618800000| Untracked 
|  90|0x0000000618c00000, 0x0000000618c00000, 0x0000000619000000|  0%| F|  |TAMS 0x0000000618c00000| PB 0x0000000618c00000| Untracked 
|  91|0x0000000619000000, 0x0000000619000000, 0x0000000619400000|  0%| F|  |TAMS 0x0000000619000000| PB 0x0000000619000000| Untracked 
|  92|0x0000000619400000, 0x0000000619400000, 0x0000000619800000|  0%| F|  |TAMS 0x0000000619400000| PB 0x0000000619400000| Untracked 
|  93|0x0000000619800000, 0x0000000619800000, 0x0000000619c00000|  0%| F|  |TAMS 0x0000000619800000| PB 0x0000000619800000| Untracked 
|  94|0x0000000619c00000, 0x0000000619c00000, 0x000000061a000000|  0%| F|  |TAMS 0x0000000619c00000| PB 0x0000000619c00000| Untracked 
|  95|0x000000061a000000, 0x000000061a000000, 0x000000061a400000|  0%| F|  |TAMS 0x000000061a000000| PB 0x000000061a000000| Untracked 
|  96|0x000000061a400000, 0x000000061a400000, 0x000000061a800000|  0%| F|  |TAMS 0x000000061a400000| PB 0x000000061a400000| Untracked 
|  97|0x000000061a800000, 0x000000061a800000, 0x000000061ac00000|  0%| F|  |TAMS 0x000000061a800000| PB 0x000000061a800000| Untracked 
|  98|0x000000061ac00000, 0x000000061ac00000, 0x000000061b000000|  0%| F|  |TAMS 0x000000061ac00000| PB 0x000000061ac00000| Untracked 
|  99|0x000000061b000000, 0x000000061b000000, 0x000000061b400000|  0%| F|  |TAMS 0x000000061b000000| PB 0x000000061b000000| Untracked 
| 100|0x000000061b400000, 0x000000061b400000, 0x000000061b800000|  0%| F|  |TAMS 0x000000061b400000| PB 0x000000061b400000| Untracked 
| 101|0x000000061b800000, 0x000000061b800000, 0x000000061bc00000|  0%| F|  |TAMS 0x000000061b800000| PB 0x000000061b800000| Untracked 
| 102|0x000000061bc00000, 0x000000061bc00000, 0x000000061c000000|  0%| F|  |TAMS 0x000000061bc00000| PB 0x000000061bc00000| Untracked 
| 103|0x000000061c000000, 0x000000061c000000, 0x000000061c400000|  0%| F|  |TAMS 0x000000061c000000| PB 0x000000061c000000| Untracked 
| 104|0x000000061c400000, 0x000000061c400000, 0x000000061c800000|  0%| F|  |TAMS 0x000000061c400000| PB 0x000000061c400000| Untracked 
| 105|0x000000061c800000, 0x000000061c800000, 0x000000061cc00000|  0%| F|  |TAMS 0x000000061c800000| PB 0x000000061c800000| Untracked 
| 106|0x000000061cc00000, 0x000000061cc00000, 0x000000061d000000|  0%| F|  |TAMS 0x000000061cc00000| PB 0x000000061cc00000| Untracked 
| 107|0x000000061d000000, 0x000000061d000000, 0x000000061d400000|  0%| F|  |TAMS 0x000000061d000000| PB 0x000000061d000000| Untracked 
| 108|0x000000061d400000, 0x000000061d400000, 0x000000061d800000|  0%| F|  |TAMS 0x000000061d400000| PB 0x000000061d400000| Untracked 
| 109|0x000000061d800000, 0x000000061d800000, 0x000000061dc00000|  0%| F|  |TAMS 0x000000061d800000| PB 0x000000061d800000| Untracked 
| 110|0x000000061dc00000, 0x000000061dc00000, 0x000000061e000000|  0%| F|  |TAMS 0x000000061dc00000| PB 0x000000061dc00000| Untracked 
| 111|0x000000061e000000, 0x000000061e000000, 0x000000061e400000|  0%| F|  |TAMS 0x000000061e000000| PB 0x000000061e000000| Untracked 
| 112|0x000000061e400000, 0x000000061e400000, 0x000000061e800000|  0%| F|  |TAMS 0x000000061e400000| PB 0x000000061e400000| Untracked 
| 113|0x000000061e800000, 0x000000061e800000, 0x000000061ec00000|  0%| F|  |TAMS 0x000000061e800000| PB 0x000000061e800000| Untracked 
| 114|0x000000061ec00000, 0x000000061ec00000, 0x000000061f000000|  0%| F|  |TAMS 0x000000061ec00000| PB 0x000000061ec00000| Untracked 
| 115|0x000000061f000000, 0x000000061f000000, 0x000000061f400000|  0%| F|  |TAMS 0x000000061f000000| PB 0x000000061f000000| Untracked 
| 116|0x000000061f400000, 0x000000061f400000, 0x000000061f800000|  0%| F|  |TAMS 0x000000061f400000| PB 0x000000061f400000| Untracked 
| 117|0x000000061f800000, 0x000000061f800000, 0x000000061fc00000|  0%| F|  |TAMS 0x000000061f800000| PB 0x000000061f800000| Untracked 
| 118|0x000000061fc00000, 0x000000061fc00000, 0x0000000620000000|  0%| F|  |TAMS 0x000000061fc00000| PB 0x000000061fc00000| Untracked 
| 119|0x0000000620000000, 0x0000000620000000, 0x0000000620400000|  0%| F|  |TAMS 0x0000000620000000| PB 0x0000000620000000| Untracked 
| 120|0x0000000620400000, 0x0000000620400000, 0x0000000620800000|  0%| F|  |TAMS 0x0000000620400000| PB 0x0000000620400000| Untracked 
| 121|0x0000000620800000, 0x0000000620b28528, 0x0000000620c00000| 78%| S|CS|TAMS 0x0000000620800000| PB 0x0000000620800000| Complete 
| 122|0x0000000620c00000, 0x0000000620c00000, 0x0000000621000000|  0%| F|  |TAMS 0x0000000620c00000| PB 0x0000000620c00000| Untracked 
| 123|0x0000000621000000, 0x0000000621000000, 0x0000000621400000|  0%| F|  |TAMS 0x0000000621000000| PB 0x0000000621000000| Untracked 
| 124|0x0000000621400000, 0x0000000621400000, 0x0000000621800000|  0%| F|  |TAMS 0x0000000621400000| PB 0x0000000621400000| Untracked 
| 125|0x0000000621800000, 0x0000000621987388, 0x0000000621c00000| 38%| E|  |TAMS 0x0000000621800000| PB 0x0000000621800000| Complete 
| 126|0x0000000621c00000, 0x0000000622000000, 0x0000000622000000|100%| E|CS|TAMS 0x0000000621c00000| PB 0x0000000621c00000| Complete 
| 127|0x0000000622000000, 0x0000000622400000, 0x0000000622400000|100%| E|CS|TAMS 0x0000000622000000| PB 0x0000000622000000| Complete 

Card table byte_map: [0x000001be9cba0000,0x000001be9db90000] _byte_map_base: 0x000001be99b8e000

Marking Bits: (CMBitMap*) 0x000001be84012750
 Bits: [0x000001be9db90000, 0x000001bea5b00000)

Polling page: 0x000001be81ec0000

Metaspace:

Usage:
  Non-class:      6.94 MB used.
      Class:    760.43 KB used.
       Both:      7.68 MB used.

Virtual space:
  Non-class space:       64.00 MB reserved,       7.06 MB ( 11%) committed,  1 nodes.
      Class space:        1.00 GB reserved,     832.00 KB ( <1%) committed,  1 nodes.
             Both:        1.06 GB reserved,       7.88 MB ( <1%) committed. 

Chunk freelists:
   Non-Class:  7.24 MB
       Class:  15.13 MB
        Both:  22.37 MB

MaxMetaspaceSize: unlimited
CompressedClassSpaceSize: 1.00 GB
Initial GC threshold: 21.00 MB
Current GC threshold: 21.00 MB
CDS: on
 - commit_granule_bytes: 65536.
 - commit_granule_words: 8192.
 - virtual_space_node_default_size: 8388608.
 - enlarge_chunks_in_place: 1.
 - use_allocation_guard: 0.


Internal statistics:

num_allocs_failed_limit: 0.
num_arena_births: 218.
num_arena_deaths: 0.
num_vsnodes_births: 2.
num_vsnodes_deaths: 0.
num_space_committed: 126.
num_space_uncommitted: 0.
num_chunks_returned_to_freelist: 0.
num_chunks_taken_from_freelist: 441.
num_chunk_merges: 0.
num_chunk_splits: 320.
num_chunks_enlarged: 243.
num_inconsistent_stats: 0.

CodeHeap 'non-profiled nmethods': size=120000Kb used=640Kb max_used=640Kb free=119359Kb
 bounds [0x000001be94120000, 0x000001be94390000, 0x000001be9b650000]
CodeHeap 'profiled nmethods': size=120000Kb used=3449Kb max_used=3449Kb free=116550Kb
 bounds [0x000001be8c650000, 0x000001be8c9b0000, 0x000001be93b80000]
CodeHeap 'non-nmethods': size=5760Kb used=1501Kb max_used=1501Kb free=4258Kb
 bounds [0x000001be93b80000, 0x000001be93df0000, 0x000001be94120000]
 total_blobs=2423 nmethods=1888 adapters=434
 compilation: enabled
              stopped_count=0, restarted_count=0
 full_count=0

Compilation events (20 events):
Event: 0.515 Thread 0x000001bea5cf0580 nmethod 1892 0x000001be8c9a3c10 code [0x000001be8c9a3e00, 0x000001be8c9a4330]
Event: 0.515 Thread 0x000001bea5cf0580 1895       3       java.lang.invoke.MemberName::<init> (50 bytes)
Event: 0.515 Thread 0x000001bea5cf0580 nmethod 1895 0x000001be8c9a4510 code [0x000001be8c9a4700, 0x000001be8c9a4a20]
Event: 0.515 Thread 0x000001bea5cf0580 1888       1       jdk.internal.org.objectweb.asm.SymbolTable::getConstantPoolCount (5 bytes)
Event: 0.515 Thread 0x000001bea5cf0580 nmethod 1888 0x000001be941bee10 code [0x000001be941befa0, 0x000001be941bf068]
Event: 0.515 Thread 0x000001bea5cf0580 1897       3       java.lang.invoke.LambdaForm$Name::<init> (19 bytes)
Event: 0.515 Thread 0x000001bea5cf0580 nmethod 1897 0x000001be8c9a4b90 code [0x000001be8c9a4dc0, 0x000001be8c9a5488]
Event: 0.515 Thread 0x000001bea5cf0580 1900       3       java.lang.invoke.LambdaForm$Name::replaceNames (175 bytes)
Event: 0.516 Thread 0x000001bea5cf0580 nmethod 1900 0x000001be8c9a5790 code [0x000001be8c9a59e0, 0x000001be8c9a6590]
Event: 0.516 Thread 0x000001bea5cf0580 1903       3       java.util.regex.Pattern$CharPropertyGreedy::match (160 bytes)
Event: 0.516 Thread 0x000001bea5cf0580 nmethod 1903 0x000001be8c9a6910 code [0x000001be8c9a6b60, 0x000001be8c9a74e8]
Event: 0.516 Thread 0x000001bea5cf0580 1907       3       com.fasterxml.jackson.databind.deser.std.BaseNodeDeserializer$ContainerStack::push (118 bytes)
Event: 0.516 Thread 0x000001bea5cf0580 nmethod 1907 0x000001be8c9a7810 code [0x000001be8c9a7a40, 0x000001be8c9a8400]
Event: 0.516 Thread 0x000001bea5cf0580 1906       3       com.fasterxml.jackson.core.json.UTF8StreamJsonParser::_skipCR (61 bytes)
Event: 0.516 Thread 0x000001bea5cf0580 nmethod 1906 0x000001be8c9a8690 code [0x000001be8c9a8840, 0x000001be8c9a8a60]
Event: 0.517 Thread 0x000001bea5cf0580 1901       3       java.lang.invoke.InvokerBytecodeGenerator::isStaticallyNameable (148 bytes)
Event: 0.517 Thread 0x000001bea5cf0580 nmethod 1901 0x000001be8c9a8b90 code [0x000001be8c9a8e40, 0x000001be8c9a98e8]
Event: 0.517 Thread 0x000001bea5cf0580 1914       3       com.fasterxml.jackson.core.json.UTF8StreamJsonParser::addName (536 bytes)
Event: 0.519 Thread 0x000001bea5cf0580 nmethod 1914 0x000001be8c9a9c10 code [0x000001be8c9aa1e0, 0x000001be8c9ad2e8]
Event: 0.519 Thread 0x000001bea5cf0580 1908       3       com.fasterxml.jackson.databind.deser.std.BaseNodeDeserializer$ContainerStack::popOrNull (26 bytes)

GC Heap History (2 events):
Event: 0.415 GC heap before
{Heap before GC invocations=0 (full 0):
 garbage-first heap   total 524288K, used 24576K [0x0000000602400000, 0x0000000800000000)
  region size 4096K, 6 young (24576K), 0 survivors (0K)
 Metaspace       used 7304K, committed 7552K, reserved 1114112K
  class space    used 728K, committed 832K, reserved 1048576K
}
Event: 0.418 GC heap after
{Heap after GC invocations=1 (full 0):
 garbage-first heap   total 524288K, used 3233K [0x0000000602400000, 0x0000000800000000)
  region size 4096K, 1 young (4096K), 1 survivors (4096K)
 Metaspace       used 7304K, committed 7552K, reserved 1114112K
  class space    used 728K, committed 832K, reserved 1048576K
}

Dll operation events (10 events):
Event: 0.006 Loaded shared library C:\Users\saita\.jdks\corretto-21.0.5\bin\java.dll
Event: 0.027 Loaded shared library C:\Users\saita\.jdks\corretto-21.0.5\bin\jsvml.dll
Event: 0.055 Loaded shared library C:\Users\saita\.jdks\corretto-21.0.5\bin\zip.dll
Event: 0.057 Loaded shared library C:\Users\saita\.jdks\corretto-21.0.5\bin\instrument.dll
Event: 0.060 Loaded shared library C:\Users\saita\.jdks\corretto-21.0.5\bin\net.dll
Event: 0.061 Loaded shared library C:\Users\saita\.jdks\corretto-21.0.5\bin\nio.dll
Event: 0.063 Loaded shared library C:\Users\saita\.jdks\corretto-21.0.5\bin\zip.dll
Event: 0.075 Loaded shared library C:\Program Files\JetBrains\IntelliJ IDEA Community Edition 2023.3\bin\breakgen64.dll
Event: 0.082 Loaded shared library C:\Users\saita\.jdks\corretto-21.0.5\bin\extnet.dll
Event: 0.145 Loaded shared library C:\Users\saita\.jdks\corretto-21.0.5\bin\jimage.dll

Deoptimization events (20 events):
Event: 0.495 Thread 0x000001be81b94590 Uncommon trap: trap_request=0xffffff45 fr.pc=0x000001be941a96dc relative=0x00000000000000bc
Event: 0.495 Thread 0x000001be81b94590 Uncommon trap: reason=unstable_if action=reinterpret pc=0x000001be941a96dc method=com.fasterxml.jackson.core.json.UTF8JsonGenerator.writeRaw(C)V @ 10 c2
Event: 0.495 Thread 0x000001be81b94590 DEOPT PACKING pc=0x000001be941a96dc sp=0x0000001fb67ff140
Event: 0.495 Thread 0x000001be81b94590 DEOPT UNPACKING pc=0x000001be93bd46a2 sp=0x0000001fb67ff0c0 mode 2
Event: 0.511 Thread 0x000001be81b94590 Uncommon trap: trap_request=0xffffff45 fr.pc=0x000001be9419d6a8 relative=0x0000000000001088
Event: 0.511 Thread 0x000001be81b94590 Uncommon trap: reason=unstable_if action=reinterpret pc=0x000001be9419d6a8 method=com.fasterxml.jackson.core.json.UTF8StreamJsonParser._skipWSOrEnd()I @ 82 c2
Event: 0.511 Thread 0x000001be81b94590 DEOPT PACKING pc=0x000001be9419d6a8 sp=0x0000001fb67ff2a0
Event: 0.511 Thread 0x000001be81b94590 DEOPT UNPACKING pc=0x000001be93bd46a2 sp=0x0000001fb67ff1e8 mode 2
Event: 0.511 Thread 0x000001be81b94590 Uncommon trap: trap_request=0xffffff45 fr.pc=0x000001be9419520c relative=0x000000000000032c
Event: 0.511 Thread 0x000001be81b94590 Uncommon trap: reason=unstable_if action=reinterpret pc=0x000001be9419520c method=com.fasterxml.jackson.core.json.UTF8StreamJsonParser._skipWSOrEnd()I @ 88 c2
Event: 0.511 Thread 0x000001be81b94590 DEOPT PACKING pc=0x000001be9419520c sp=0x0000001fb67ff220
Event: 0.511 Thread 0x000001be81b94590 DEOPT UNPACKING pc=0x000001be93bd46a2 sp=0x0000001fb67ff1a8 mode 2
Event: 0.511 Thread 0x000001be81b94590 Uncommon trap: trap_request=0xffffff45 fr.pc=0x000001be941ae904 relative=0x0000000000000144
Event: 0.511 Thread 0x000001be81b94590 Uncommon trap: reason=unstable_if action=reinterpret pc=0x000001be941ae904 method=com.fasterxml.jackson.core.json.UTF8StreamJsonParser._skipColon()I @ 32 c2
Event: 0.511 Thread 0x000001be81b94590 DEOPT PACKING pc=0x000001be941ae904 sp=0x0000001fb67ff220
Event: 0.511 Thread 0x000001be81b94590 DEOPT UNPACKING pc=0x000001be93bd46a2 sp=0x0000001fb67ff1a8 mode 2
Event: 0.511 Thread 0x000001be81b94590 Uncommon trap: trap_request=0xffffff45 fr.pc=0x000001be9418b988 relative=0x0000000000000148
Event: 0.511 Thread 0x000001be81b94590 Uncommon trap: reason=unstable_if action=reinterpret pc=0x000001be9418b988 method=com.fasterxml.jackson.core.json.UTF8StreamJsonParser._skipWS()I @ 76 c2
Event: 0.511 Thread 0x000001be81b94590 DEOPT PACKING pc=0x000001be9418b988 sp=0x0000001fb67ff220
Event: 0.511 Thread 0x000001be81b94590 DEOPT UNPACKING pc=0x000001be93bd46a2 sp=0x0000001fb67ff1a8 mode 2

Classes loaded (20 events):
Event: 0.334 Loading class java/time/DayOfWeek
Event: 0.335 Loading class java/time/DayOfWeek done
Event: 0.335 Loading class java/time/zone/ZoneOffsetTransitionRule$TimeDefinition
Event: 0.335 Loading class java/time/zone/ZoneOffsetTransitionRule$TimeDefinition done
Event: 0.335 Loading class java/time/zone/ZoneOffsetTransition
Event: 0.335 Loading class java/time/zone/ZoneOffsetTransition done
Event: 0.335 Loading class java/time/temporal/TemporalAdjusters
Event: 0.335 Loading class java/time/temporal/TemporalAdjusters done
Event: 0.346 Loading class java/lang/invoke/DirectMethodHandle$Special
Event: 0.346 Loading class java/lang/invoke/DirectMethodHandle$Special done
Event: 0.350 Loading class java/io/FileOutputStream$1
Event: 0.350 Loading class java/io/FileOutputStream$1 done
Event: 0.393 Loading class java/lang/invoke/MethodHandle$1
Event: 0.393 Loading class java/lang/invoke/MethodHandle$1 done
Event: 0.404 Loading class jdk/internal/math/FormattedFPDecimal
Event: 0.404 Loading class jdk/internal/math/FormattedFPDecimal done
Event: 0.404 Loading class java/util/LinkedList$Node
Event: 0.404 Loading class java/util/LinkedList$Node done
Event: 0.512 Loading class jdk/internal/math/FDBigInteger
Event: 0.512 Loading class jdk/internal/math/FDBigInteger done

Classes unloaded (0 events):
No events

Classes redefined (0 events):
No events

Internal exceptions (18 events):
Event: 0.070 Thread 0x000001be81b94590 Exception <a 'java/lang/NoSuchMethodError'{0x0000000622383300}: 'void java.lang.invoke.DirectMethodHandle$Holder.invokeStatic(java.lang.Object, java.lang.Object, java.lang.Object)'> (0x0000000622383300) 
thrown [s\src\hotspot\share\interpreter\linkResolver.cpp, line 773]
Event: 0.073 Thread 0x000001be81b94590 Exception <a 'java/lang/NoSuchMethodError'{0x000000062239ae18}: 'java.lang.Object java.lang.invoke.Invokers$Holder.invokeExact_MT(java.lang.Object, java.lang.Object, java.lang.Object, java.lang.Object, java.lang.Object)'> (0x000000062239ae18) 
thrown [s\src\hotspot\share\interpreter\linkResolver.cpp, line 773]
Event: 0.083 Thread 0x000001bea8a6f0f0 Exception <a 'java/lang/NoSuchMethodError'{0x00000006223e22f8}: 'void java.lang.invoke.DirectMethodHandle$Holder.invokeStatic(java.lang.Object, java.lang.Object)'> (0x00000006223e22f8) 
thrown [s\src\hotspot\share\interpreter\linkResolver.cpp, line 773]
Event: 0.089 Thread 0x000001be81b94590 Exception <a 'java/lang/NoSuchMethodError'{0x0000000621c31398}: 'java.lang.Object java.lang.invoke.Invokers$Holder.invokeExact_MT(java.lang.Object, java.lang.Object, java.lang.Object, java.lang.Object, java.lang.Object, java.lang.Object)'> (0x0000000621c31398) 
thrown [s\src\hotspot\share\interpreter\linkResolver.cpp, line 773]
Event: 0.297 Thread 0x000001be81b94590 Exception <a 'java/lang/NoSuchMethodError'{0x00000006213ca5e0}: 'java.lang.Object java.lang.invoke.DirectMethodHandle$Holder.newInvokeSpecial(java.lang.Object, java.lang.Object, java.lang.Object, java.lang.Object, java.lang.Object)'> (0x00000006213ca5e0) 
thrown [s\src\hotspot\share\interpreter\linkResolver.cpp, line 773]
Event: 0.304 Thread 0x000001be81b94590 Exception <a 'java/lang/NoSuchMethodError'{0x00000006213fc9e0}: 'void java.lang.invoke.DirectMethodHandle$Holder.invokeSpecial(java.lang.Object, java.lang.Object, java.lang.Object)'> (0x00000006213fc9e0) 
thrown [s\src\hotspot\share\interpreter\linkResolver.cpp, line 773]
Event: 0.307 Thread 0x000001be81b94590 Exception <a 'java/lang/NoSuchMethodError'{0x0000000620c1a308}: 'void java.lang.invoke.DirectMethodHandle$Holder.invokeSpecial(java.lang.Object, java.lang.Object, int)'> (0x0000000620c1a308) 
thrown [s\src\hotspot\share\interpreter\linkResolver.cpp, line 773]
Event: 0.307 Thread 0x000001be81b94590 Exception <a 'java/lang/NoSuchMethodError'{0x0000000620c1ea30}: 'int java.lang.invoke.DirectMethodHandle$Holder.invokeSpecial(java.lang.Object, java.lang.Object, java.lang.Object, int)'> (0x0000000620c1ea30) 
thrown [s\src\hotspot\share\interpreter\linkResolver.cpp, line 773]
Event: 0.308 Thread 0x000001be81b94590 Exception <a 'java/lang/NoSuchMethodError'{0x0000000620c312e0}: 'java.lang.Object java.lang.invoke.DirectMethodHandle$Holder.invokeStatic(java.lang.Object, java.lang.Object, java.lang.Object, java.lang.Object, int)'> (0x0000000620c312e0) 
thrown [s\src\hotspot\share\interpreter\linkResolver.cpp, line 773]
Event: 0.309 Thread 0x000001be81b94590 Exception <a 'java/lang/NoSuchMethodError'{0x0000000620c3c000}: 'void java.lang.invoke.DelegatingMethodHandle$Holder.reinvoke_L(java.lang.Object, java.lang.Object, int)'> (0x0000000620c3c000) 
thrown [s\src\hotspot\share\interpreter\linkResolver.cpp, line 773]
Event: 0.309 Thread 0x000001be81b94590 Exception <a 'java/lang/NoSuchMethodError'{0x0000000620c3fa30}: 'int java.lang.invoke.DirectMethodHandle$Holder.invokeSpecial(java.lang.Object, java.lang.Object, java.lang.Object)'> (0x0000000620c3fa30) 
thrown [s\src\hotspot\share\interpreter\linkResolver.cpp, line 773]
Event: 0.312 Thread 0x000001be81b94590 Exception <a 'java/lang/NoSuchMethodError'{0x0000000620c54870}: 'void java.lang.invoke.DirectMethodHandle$Holder.invokeSpecial(java.lang.Object, java.lang.Object, double)'> (0x0000000620c54870) 
thrown [s\src\hotspot\share\interpreter\linkResolver.cpp, line 773]
Event: 0.313 Thread 0x000001be81b94590 Exception <a 'java/lang/NoSuchMethodError'{0x0000000620c5efe8}: 'double java.lang.invoke.DelegatingMethodHandle$Holder.reinvoke_L(java.lang.Object, java.lang.Object, int)'> (0x0000000620c5efe8) 
thrown [s\src\hotspot\share\interpreter\linkResolver.cpp, line 773]
Event: 0.313 Thread 0x000001be81b94590 Exception <a 'java/lang/NoSuchMethodError'{0x0000000620c68e80}: 'void java.lang.invoke.DelegatingMethodHandle$Holder.reinvoke_L(java.lang.Object, java.lang.Object, double)'> (0x0000000620c68e80) 
thrown [s\src\hotspot\share\interpreter\linkResolver.cpp, line 773]
Event: 0.329 Thread 0x000001be81b94590 Implicit null exception at 0x000001be94160c66 to 0x000001be94160d0a
Event: 0.335 Thread 0x000001be81b94590 Exception <a 'java/lang/NoSuchMethodError'{0x0000000620d61528}: 'java.lang.Object java.lang.invoke.DirectMethodHandle$Holder.invokeStatic(java.lang.Object, int, java.lang.Object)'> (0x0000000620d61528) 
thrown [s\src\hotspot\share\interpreter\linkResolver.cpp, line 773]
Event: 0.336 Thread 0x000001be81b94590 Exception <a 'java/lang/NoSuchMethodError'{0x0000000620d6a050}: 'int java.lang.invoke.DirectMethodHandle$Holder.invokeVirtual(java.lang.Object, java.lang.Object)'> (0x0000000620d6a050) 
thrown [s\src\hotspot\share\interpreter\linkResolver.cpp, line 773]
Event: 0.346 Thread 0x000001be81b94590 Exception <a 'java/lang/NoSuchMethodError'{0x0000000620dffe00}: 'void java.lang.invoke.DirectMethodHandle$Holder.invokeSpecial(java.lang.Object, java.lang.Object, java.lang.Object, java.lang.Object, java.lang.Object)'> (0x0000000620dffe00) 
thrown [s\src\hotspot\share\interpreter\linkResolver.cpp, line 773]

ZGC Phase Switch (0 events):
No events

VM Operations (6 events):
Event: 0.244 Executing VM operation: HandshakeAllThreads (Deoptimize)
Event: 0.244 Executing VM operation: HandshakeAllThreads (Deoptimize) done
Event: 0.302 Executing VM operation: ICBufferFull
Event: 0.302 Executing VM operation: ICBufferFull done
Event: 0.415 Executing VM operation: G1CollectForAllocation (G1 Evacuation Pause)
Event: 0.418 Executing VM operation: G1CollectForAllocation (G1 Evacuation Pause) done

Memory protections (0 events):
No events

Nmethod flushes (0 events):
No events

Events (14 events):
Event: 0.016 Thread 0x000001be81b94590 Thread added: 0x000001be81b94590
Event: 0.026 Thread 0x000001be81b94590 Thread added: 0x000001bea5cd56d0
Event: 0.026 Thread 0x000001be81b94590 Thread added: 0x000001bea5cd6320
Event: 0.026 Thread 0x000001be81b94590 Thread added: 0x000001bea5cdb380
Event: 0.026 Thread 0x000001be81b94590 Thread added: 0x000001bea5cdc260
Event: 0.026 Thread 0x000001be81b94590 Thread added: 0x000001bea5cdecc0
Event: 0.026 Thread 0x000001be81b94590 Thread added: 0x000001bea5ce1720
Event: 0.026 Thread 0x000001be81b94590 Thread added: 0x000001bea5ce60e0
Event: 0.026 Thread 0x000001be81b94590 Thread added: 0x000001bea5cf0580
Event: 0.043 Thread 0x000001be81b94590 Thread added: 0x000001bea88e11c0
Event: 0.076 Thread 0x000001be81b94590 Thread added: 0x000001bea8a6f0f0
Event: 0.076 Thread 0x000001be81b94590 Thread added: 0x000001bea8b31150
Event: 0.155 Thread 0x000001bea5ce60e0 Thread added: 0x000001bea5cefeb0
Event: 0.459 Thread 0x000001bea5cf0580 Thread added: 0x000001bea5cf1320


Dynamic libraries:
0x00007ff6108c0000 - 0x00007ff6108ce000 	C:\Users\saita\.jdks\corretto-21.0.5\bin\java.exe
0x00007ff8bdf40000 - 0x00007ff8be1a3000 	C:\WINDOWS\SYSTEM32\ntdll.dll
0x00007ff8bc5d0000 - 0x00007ff8bc698000 	C:\WINDOWS\System32\KERNEL32.DLL
0x00007ff8bb520000 - 0x00007ff8bb8d2000 	C:\WINDOWS\System32\KERNELBASE.dll
0x00007ff8bbc50000 - 0x00007ff8bbd9b000 	C:\WINDOWS\System32\ucrtbase.dll
0x00007ff89ec10000 - 0x00007ff89ec2b000 	C:\Users\saita\.jdks\corretto-21.0.5\bin\VCRUNTIME140.dll
0x00007ff89ec30000 - 0x00007ff89ec48000 	C:\Users\saita\.jdks\corretto-21.0.5\bin\jli.dll
0x00007ff8bcec0000 - 0x00007ff8bd088000 	C:\WINDOWS\System32\USER32.dll
0x00007ff8a4200000 - 0x00007ff8a4490000 	C:\WINDOWS\WinSxS\amd64_microsoft.windows.common-controls_6595b64144ccf1df_6.0.26100.2454_none_3e0b68a2e331ad60\COMCTL32.dll
0x00007ff8bbb60000 - 0x00007ff8bbb87000 	C:\WINDOWS\System32\win32u.dll
0x00007ff8bc250000 - 0x00007ff8bc2f9000 	C:\WINDOWS\System32\msvcrt.dll
0x00007ff8bbe80000 - 0x00007ff8bbeaa000 	C:\WINDOWS\System32\GDI32.dll
0x00007ff8bb980000 - 0x00007ff8bbaab000 	C:\WINDOWS\System32\gdi32full.dll
0x00007ff8bbab0000 - 0x00007ff8bbb53000 	C:\WINDOWS\System32\msvcp_win.dll
0x00007ff8bc420000 - 0x00007ff8bc44f000 	C:\WINDOWS\System32\IMM32.DLL
0x00007ff89eb10000 - 0x00007ff89eb1c000 	C:\Users\saita\.jdks\corretto-21.0.5\bin\vcruntime140_1.dll
0x00007ff89af00000 - 0x00007ff89af8d000 	C:\Users\saita\.jdks\corretto-21.0.5\bin\msvcp140.dll
0x00007fffa4fb0000 - 0x00007fffa5d4d000 	C:\Users\saita\.jdks\corretto-21.0.5\bin\server\jvm.dll
0x00007ff8bc490000 - 0x00007ff8bc544000 	C:\WINDOWS\System32\ADVAPI32.dll
0x00007ff8bcd30000 - 0x00007ff8bcdd6000 	C:\WINDOWS\System32\sechost.dll
0x00007ff8bc300000 - 0x00007ff8bc416000 	C:\WINDOWS\System32\RPCRT4.dll
0x00007ff8bccb0000 - 0x00007ff8bcd24000 	C:\WINDOWS\System32\WS2_32.dll
0x00007ff8ad7b0000 - 0x00007ff8ad7e6000 	C:\WINDOWS\SYSTEM32\WINMM.dll
0x00007ff8b47e0000 - 0x00007ff8b47eb000 	C:\WINDOWS\SYSTEM32\VERSION.dll
0x00007ff8bab50000 - 0x00007ff8bab9e000 	C:\WINDOWS\SYSTEM32\POWRPROF.dll
0x00007ff8bab30000 - 0x00007ff8bab44000 	C:\WINDOWS\SYSTEM32\UMPDC.dll
0x00007ff8ba110000 - 0x00007ff8ba12a000 	C:\WINDOWS\SYSTEM32\kernel.appcore.dll
0x00007ff89eb00000 - 0x00007ff89eb0a000 	C:\Users\saita\.jdks\corretto-21.0.5\bin\jimage.dll
0x00007ff8ac920000 - 0x00007ff8acb61000 	C:\WINDOWS\SYSTEM32\DBGHELP.DLL
0x00007ff8bc830000 - 0x00007ff8bcbae000 	C:\WINDOWS\System32\combase.dll
0x00007ff8bbda0000 - 0x00007ff8bbe76000 	C:\WINDOWS\System32\OLEAUT32.dll
0x00007ff895b20000 - 0x00007ff895b59000 	C:\WINDOWS\SYSTEM32\dbgcore.DLL
0x00007ff8bb8e0000 - 0x00007ff8bb979000 	C:\WINDOWS\System32\bcryptPrimitives.dll
0x00007ff89b0c0000 - 0x00007ff89b0ce000 	C:\Users\saita\.jdks\corretto-21.0.5\bin\instrument.dll
0x00007ff89e730000 - 0x00007ff89e74f000 	C:\Users\saita\.jdks\corretto-21.0.5\bin\java.dll
0x00007ff8bd680000 - 0x00007ff8bdd81000 	C:\WINDOWS\System32\SHELL32.dll
0x00007ff8b9000000 - 0x00007ff8b9831000 	C:\WINDOWS\SYSTEM32\windows.storage.dll
0x00007ff8bcde0000 - 0x00007ff8bceba000 	C:\WINDOWS\System32\SHCORE.dll
0x00007ff8bdda0000 - 0x00007ff8bddfd000 	C:\WINDOWS\System32\shlwapi.dll
0x00007ff8bb220000 - 0x00007ff8bb24e000 	C:\WINDOWS\SYSTEM32\profapi.dll
0x00007ff89ae20000 - 0x00007ff89aef7000 	C:\Users\saita\.jdks\corretto-21.0.5\bin\jsvml.dll
0x00007ff89ae00000 - 0x00007ff89ae18000 	C:\Users\saita\.jdks\corretto-21.0.5\bin\zip.dll
0x00007ff89e720000 - 0x00007ff89e730000 	C:\Users\saita\.jdks\corretto-21.0.5\bin\net.dll
0x00007ff8b4e00000 - 0x00007ff8b4f26000 	C:\WINDOWS\SYSTEM32\WINHTTP.dll
0x00007ff8ba5f0000 - 0x00007ff8ba658000 	C:\WINDOWS\system32\mswsock.dll
0x00007ff89c500000 - 0x00007ff89c516000 	C:\Users\saita\.jdks\corretto-21.0.5\bin\nio.dll
0x00007ff89b0a0000 - 0x00007ff89b0ba000 	C:\Program Files\JetBrains\IntelliJ IDEA Community Edition 2023.3\bin\breakgen64.dll
0x00007ff89e710000 - 0x00007ff89e719000 	C:\Users\saita\.jdks\corretto-21.0.5\bin\extnet.dll

dbghelp: loaded successfully - version: 4.0.5 - missing functions: none
symbol engine: initialized successfully - sym options: 0x614 - pdb path: .;C:\Users\saita\.jdks\corretto-21.0.5\bin;C:\WINDOWS\SYSTEM32;C:\WINDOWS\WinSxS\amd64_microsoft.windows.common-controls_6595b64144ccf1df_6.0.26100.2454_none_3e0b68a2e331ad60;C:\Users\saita\.jdks\corretto-21.0.5\bin\server;C:\Program Files\JetBrains\IntelliJ IDEA Community Edition 2023.3\bin

VM Arguments:
jvm_args: -javaagent:C:\Program Files\JetBrains\IntelliJ IDEA Community Edition 2023.3\lib\idea_rt.jar=55592:C:\Program Files\JetBrains\IntelliJ IDEA Community Edition 2023.3\bin -Dfile.encoding=UTF-8 -Dsun.stdout.encoding=UTF-8 -Dsun.stderr.encoding=UTF-8 
java_command: org.poo.main.Main
java_class_path (initial): C:\Users\saita\Desktop\poo\J-POO-Morgan-Proiect-2\target\classes;C:\Users\saita\.m2\repository\com\google\code\gson\gson\2.11.0\gson-2.11.0.jar;C:\Users\saita\.m2\repository\com\google\errorprone\error_prone_annotations\2.27.0\error_prone_annotations-2.27.0.jar;C:\Users\saita\.m2\repository\com\fasterxml\jackson\core\jackson-databind\2.18.1\jackson-databind-2.18.1.jar;C:\Users\saita\.m2\repository\com\fasterxml\jackson\core\jackson-annotations\2.18.1\jackson-annotations-2.18.1.jar;C:\Users\saita\.m2\repository\com\fasterxml\jackson\core\jackson-core\2.18.1\jackson-core-2.18.1.jar
Launcher Type: SUN_STANDARD

[Global flags]
     intx CICompilerCount                          = 4                                         {product} {ergonomic}
     uint ConcGCThreads                            = 3                                         {product} {ergonomic}
     uint G1ConcRefinementThreads                  = 10                                        {product} {ergonomic}
   size_t G1HeapRegionSize                         = 4194304                                   {product} {ergonomic}
    uintx GCDrainStackTargetSize                   = 64                                        {product} {ergonomic}
   size_t InitialHeapSize                          = 536870912                                 {product} {ergonomic}
   size_t MarkStackSize                            = 4194304                                   {product} {ergonomic}
   size_t MaxHeapSize                              = 8552185856                                {product} {ergonomic}
   size_t MaxNewSize                               = 5129633792                                {product} {ergonomic}
   size_t MinHeapDeltaBytes                        = 4194304                                   {product} {ergonomic}
   size_t MinHeapSize                              = 8388608                                   {product} {ergonomic}
    uintx NonNMethodCodeHeapSize                   = 5839372                                {pd product} {ergonomic}
    uintx NonProfiledCodeHeapSize                  = 122909434                              {pd product} {ergonomic}
    uintx ProfiledCodeHeapSize                     = 122909434                              {pd product} {ergonomic}
    uintx ReservedCodeCacheSize                    = 251658240                              {pd product} {ergonomic}
     bool SegmentedCodeCache                       = true                                      {product} {ergonomic}
   size_t SoftMaxHeapSize                          = 8552185856                             {manageable} {ergonomic}
     bool UseCompressedOops                        = true                           {product lp64_product} {ergonomic}
     bool UseG1GC                                  = true                                      {product} {ergonomic}
     bool UseLargePagesIndividualAllocation        = false                                  {pd product} {ergonomic}

Logging:
Log output configuration:
 #0: stdout all=warning uptime,level,tags foldmultilines=false
 #1: stderr all=off uptime,level,tags foldmultilines=false

Environment Variables:
PATH=C:\Program Files (x86)\Common Files\Oracle\Java\javapath;C:\Program Files\NVIDIA GPU Computing Toolkit\CUDA\v12.3\bin;C:\Program Files\NVIDIA GPU Computing Toolkit\CUDA\v12.3\libnvvp;C:\Windows\system32;C:\Windows;C:\Windows\System32\Wbem;C:\Windows\System32\WindowsPowerShell\v1.0\;C:\Windows\System32\OpenSSH\;C:\Program Files\Microsoft VS Code\bin;C:\Program Files (x86)\NVIDIA Corporation\PhysX\Common;C:\Program Files (x86)\Windows Kits\10\Windows Performance Toolkit\;C:\Program Files\CMake\bin;C:\Program Files\dotnet\;C:\Program Files\Git\cmd;C:\Program Files\NVIDIA Corporation\Nsight Compute 2023.3.1\;C:\Program Files\Nookkin\MultiscreenBlank2;C:\Program Files\NVIDIA Corporation\NVIDIA app\NvDLISR;C:\Program Files\TortoiseSVN\bin;C:\Program Files\Tesseract-OCR;C:\WINDOWS\system32;C:\WINDOWS;C:\WINDOWS\System32\Wbem;C:\WINDOWS\System32\WindowsPowerShell\v1.0\;C:\WINDOWS\System32\OpenSSH\;C:\Program Files\Microsoft Visual Studio\2022\Community\VC\Tools\MSVC\14.38.33130\bin\Hostx64\x64\;C:\Program Files\Microsoft Visual Studio\2022\Community\VC\Tools\MSVC\14.38.33130\bin\;C:\Users\saita\AppData\Local\Programs\Python\Python312\Scripts\;C:\Users\saita\AppData\Local\Programs\Python\Python312\;C:\Users\saita\AppData\Local\Microsoft\WindowsApps;C:\Program Files\JetBrains\IntelliJ IDEA Community Edition 2023.3\bin;C:\Users\saita\.dotnet\tools;C:\Users\saita\AppData\Local\gitkraken\bin;%USERPROFILE%\AppData\Local\Microsoft\WindowsApps;
USERNAME=saita
OS=Windows_NT
PROCESSOR_IDENTIFIER=Intel64 Family 6 Model 151 Stepping 2, GenuineIntel
TMP=C:\Users\saita\AppData\Local\Temp
TEMP=C:\Users\saita\AppData\Local\Temp




Periodic native trim disabled

---------------  S Y S T E M  ---------------

OS:
 Windows 11 , 64 bit Build 26100 (10.0.26100.2454)
OS uptime: 0 days 6:07 hours
Hyper-V role detected

CPU: total 12 (initial active 12) (6 cores per cpu, 2 threads per core) family 6 model 151 stepping 2 microcode 0x36, cx8, cmov, fxsr, ht, mmx, 3dnowpref, sse, sse2, sse3, ssse3, sse4.1, sse4.2, popcnt, lzcnt, tsc, tscinvbit, avx, avx2, aes, erms, clmul, bmi1, bmi2, adx, sha, fma, vzeroupper, clflush, clflushopt, clwb, hv, serialize, rdtscp, rdpid, fsrm, f16c, cet_ibt, cet_ss
Processor Information for all 12 processors :
  Max Mhz: 2500, Current Mhz: 2500, Mhz Limit: 2500

Memory: 4k page, system-wide physical 32609M (13767M free)
TotalPageFile size 41708M (AvailPageFile size 3286M)
current process WorkingSet (physical memory assigned to process): 95M, peak: 96M
current process commit charge ("private bytes"): 633M, peak: 633M

vm_info: OpenJDK 64-Bit Server VM (21.0.5+11-LTS) for windows-amd64 JRE (21.0.5+11-LTS), built on 2024-10-11T20:58:34Z by "Administrator" with MS VC++ 16.10 / 16.11 (VS2019)

END.
